# JRE version: OpenJDK Runtime Environment Temurin-17+35 (17.0+35) (build 17+35)
# Java VM: OpenJDK 64-Bit Server VM Temurin-17+35 (17+35, mixed mode, tiered, compressed oops, compressed class ptrs, g1 gc, windows-amd64)
GC Precious Log:
 CPUs: 2 total, 2 available
 Memory: 6064M
 Large Page Support: Disabled
 NUMA Support: Disabled
 Compressed Oops: Enabled (32-bit)
 Heap Region Size: 1M
 Heap Min Capacity: 8M
 Heap Initial Capacity: 96M
 Heap Max Capacity: 1518M
 Pre-touch: Disabled
 Parallel Workers: 2
 Concurrent Workers: 1
 Concurrent Refinement Workers: 2
 Periodic GC: Disabled
Heap:
 garbage-first heap   total 98304K, used 21775K [0x00000000a1200000, 0x0000000100000000)
  region size 1024K, 17 young (17408K), 2 survivors (2048K)
 Metaspace       used 15464K, committed 15616K, reserved 1064960K
  class space    used 1422K, committed 1536K, reserved 1048576K
GC Heap History (8 events):
Event: 0.455 GC heap before
{Heap before GC invocations=0 (full 0):
 garbage-first heap   total 98304K, used 6144K [0x00000000a1200000, 0x0000000100000000)
  region size 1024K, 6 young (6144K), 0 survivors (0K)
 Metaspace       used 6245K, committed 6400K, reserved 1056768K
  class space    used 511K, committed 576K, reserved 1048576K
}
Event: 0.459 GC heap after
{Heap after GC invocations=1 (full 0):
 garbage-first heap   total 98304K, used 4233K [0x00000000a1200000, 0x0000000100000000)
  region size 1024K, 1 young (1024K), 1 survivors (1024K)
 Metaspace       used 6245K, committed 6400K, reserved 1056768K
  class space    used 511K, committed 576K, reserved 1048576K
}
Event: 0.621 GC heap before
{Heap before GC invocations=1 (full 0):
 garbage-first heap   total 98304K, used 6281K [0x00000000a1200000, 0x0000000100000000)
  region size 1024K, 4 young (4096K), 1 survivors (1024K)
 Metaspace       used 8972K, committed 9152K, reserved 1064960K
  class space    used 775K, committed 896K, reserved 1048576K
}
Event: 0.623 GC heap after
{Heap after GC invocations=2 (full 0):
 garbage-first heap   total 98304K, used 5809K [0x00000000a1200000, 0x0000000100000000)
  region size 1024K, 1 young (1024K), 1 survivors (1024K)
 Metaspace       used 8972K, committed 9152K, reserved 1064960K
  class space    used 775K, committed 896K, reserved 1048576K
}
Event: 15.764 GC heap before
{Heap before GC invocations=2 (full 0):
 garbage-first heap   total 98304K, used 10929K [0x00000000a1200000, 0x0000000100000000)
  region size 1024K, 7 young (7168K), 1 survivors (1024K)
 Metaspace       used 11023K, committed 11200K, reserved 1064960K
  class space    used 964K, committed 1024K, reserved 1048576K
}
Event: 15.770 GC heap after
{Heap after GC invocations=3 (full 0):
 garbage-first heap   total 98304K, used 6806K [0x00000000a1200000, 0x0000000100000000)
  region size 1024K, 1 young (1024K), 1 survivors (1024K)
 Metaspace       used 11023K, committed 11200K, reserved 1064960K
  class space    used 964K, committed 1024K, reserved 1048576K
}
Event: 22.038 GC heap before
{Heap before GC invocations=3 (full 0):
 garbage-first heap   total 98304K, used 20118K [0x00000000a1200000, 0x0000000100000000)
  region size 1024K, 15 young (15360K), 1 survivors (1024K)
 Metaspace       used 13281K, committed 13376K, reserved 1064960K
  class space    used 1188K, committed 1216K, reserved 1048576K
}
Event: 22.041 GC heap after
{Heap after GC invocations=4 (full 0):
 garbage-first heap   total 98304K, used 7439K [0x00000000a1200000, 0x0000000100000000)
  region size 1024K, 2 young (2048K), 2 survivors (2048K)
 Metaspace       used 13281K, committed 13376K, reserved 1064960K
  class space    used 1188K, committed 1216K, reserved 1048576K
}

